Determining if the pthread_create exist failed with the following output:
Change Dir: /home/ericyanng/ROS_WORKSPACE/arcodelocal/build/CMakeFiles/CMakeTmp

Run Build Command:/usr/bin/make "cmTryCompileExec1775309527/fast"
/usr/bin/make -f CMakeFiles/cmTryCompileExec1775309527.dir/build.make CMakeFiles/cmTryCompileExec1775309527.dir/build
make[1]: Entering directory `/home/ericyanng/ROS_WORKSPACE/arcodelocal/build/CMakeFiles/CMakeTmp'
/usr/bin/cmake -E cmake_progress_report /home/ericyanng/ROS_WORKSPACE/arcodelocal/build/CMakeFiles/CMakeTmp/CMakeFiles 1
Building C object CMakeFiles/cmTryCompileExec1775309527.dir/CheckSymbolExists.c.o
/usr/bin/cc    -o CMakeFiles/cmTryCompileExec1775309527.dir/CheckSymbolExists.c.o   -c /home/ericyanng/ROS_WORKSPACE/arcodelocal/build/CMakeFiles/CMakeTmp/CheckSymbolExists.c
Linking C executable cmTryCompileExec1775309527
/usr/bin/cmake -E cmake_link_script CMakeFiles/cmTryCompileExec1775309527.dir/link.txt --verbose=1
/usr/bin/cc       CMakeFiles/cmTryCompileExec1775309527.dir/CheckSymbolExists.c.o  -o cmTryCompileExec1775309527 -rdynamic 
CMakeFiles/cmTryCompileExec1775309527.dir/CheckSymbolExists.c.o: In function `main':
CheckSymbolExists.c:(.text+0x16): undefined reference to `pthread_create'
collect2: error: ld returned 1 exit status
make[1]: Leaving directory `/home/ericyanng/ROS_WORKSPACE/arcodelocal/build/CMakeFiles/CMakeTmp'
make[1]: *** [cmTryCompileExec1775309527] Error 1
make: *** [cmTryCompileExec1775309527/fast] Error 2

File /home/ericyanng/ROS_WORKSPACE/arcodelocal/build/CMakeFiles/CMakeTmp/CheckSymbolExists.c:
/* */
#include <pthread.h>

int main(int argc, char** argv)
{
  (void)argv;
#ifndef pthread_create
  return ((int*)(&pthread_create))[argc];
#else
  (void)argc;
  return 0;
#endif
}

Determining if the function pthread_create exists in the pthreads failed with the following output:
Change Dir: /home/ericyanng/ROS_WORKSPACE/arcodelocal/build/CMakeFiles/CMakeTmp

Run Build Command:/usr/bin/make "cmTryCompileExec2311038547/fast"
/usr/bin/make -f CMakeFiles/cmTryCompileExec2311038547.dir/build.make CMakeFiles/cmTryCompileExec2311038547.dir/build
make[1]: Entering directory `/home/ericyanng/ROS_WORKSPACE/arcodelocal/build/CMakeFiles/CMakeTmp'
/usr/bin/cmake -E cmake_progress_report /home/ericyanng/ROS_WORKSPACE/arcodelocal/build/CMakeFiles/CMakeTmp/CMakeFiles 1
Building C object CMakeFiles/cmTryCompileExec2311038547.dir/CheckFunctionExists.c.o
/usr/bin/cc   -DCHECK_FUNCTION_EXISTS=pthread_create   -o CMakeFiles/cmTryCompileExec2311038547.dir/CheckFunctionExists.c.o   -c /usr/share/cmake-2.8/Modules/CheckFunctionExists.c
Linking C executable cmTryCompileExec2311038547
/usr/bin/cmake -E cmake_link_script CMakeFiles/cmTryCompileExec2311038547.dir/link.txt --verbose=1
/usr/bin/cc   -DCHECK_FUNCTION_EXISTS=pthread_create    CMakeFiles/cmTryCompileExec2311038547.dir/CheckFunctionExists.c.o  -o cmTryCompileExec2311038547 -rdynamic -lpthreads 
/usr/bin/ld: cannot find -lpthreads
collect2: error: ld returned 1 exit status
make[1]: Leaving directory `/home/ericyanng/ROS_WORKSPACE/arcodelocal/build/CMakeFiles/CMakeTmp'
make[1]: *** [cmTryCompileExec2311038547] Error 1
make: *** [cmTryCompileExec2311038547/fast] Error 2


